app/build/outputs/logs/manifest-merger-debug-report.txt
-- Merging decision tree log ---
manifest
ADDED from src/main/AndroidManifest.xml:2:1-70:12
	xmlns:android
		ADDED from src/main/AndroidManifest.xml:2:11-69
	package
		ADDED from src/main/AndroidManifest.xml:3:5-49
		INJECTED from src/main/AndroidManifest.xml
		INJECTED from src/main/AndroidManifest.xml
	android:versionName
		ADDED from src/main/AndroidManifest.xml:5:5-30
	android:versionCode
		ADDED from src/main/AndroidManifest.xml:4:5-28
		INJECTED from src/main/AndroidManifest.xml
		INJECTED from src/main/AndroidManifest.xml
uses-sdk
ADDED from src/main/AndroidManifest.xml:7:5-9:41
	android:targetSdkVersion
		ADDED from src/main/AndroidManifest.xml:9:9-38
		INJECTED from src/main/AndroidManifest.xml
		INJECTED from src/main/AndroidManifest.xml
	android:minSdkVersion
		ADDED from src/main/AndroidManifest.xml:8:9-35
		INJECTED from src/main/AndroidManifest.xml
		INJECTED from src/main/AndroidManifest.xml
permission#com.mozillaonline.permission.ACCESS_DOWNLOAD_MANAGER
ADDED from src/main/AndroidManifest.xml:12:5-16:44
	android:label
		ADDED from src/main/AndroidManifest.xml:15:9-56
	android:protectionLevel
		ADDED from src/main/AndroidManifest.xml:16:9-41
	android:description
		ADDED from src/main/AndroidManifest.xml:14:9-63
	android:name
		ADDED from src/main/AndroidManifest.xml:13:9-76
permission#com.mozillaonline.permission.ACCESS_DOWNLOAD_MANAGER_ADVANCED
ADDED from src/main/AndroidManifest.xml:19:5-23:44
	android:label
		ADDED from src/main/AndroidManifest.xml:22:9-64
	android:protectionLevel
		ADDED from src/main/AndroidManifest.xml:23:9-41
	android:description
		ADDED from src/main/AndroidManifest.xml:21:9-71
	android:name
		ADDED from src/main/AndroidManifest.xml:20:9-85
permission#com.mozillaonline.permission.SEND_DOWNLOAD_COMPLETED_INTENTS
ADDED from src/main/AndroidManifest.xml:26:5-30:44
	android:label
		ADDED from src/main/AndroidManifest.xml:29:9-64
	android:protectionLevel
		ADDED from src/main/AndroidManifest.xml:30:9-41
	android:description
		ADDED from src/main/AndroidManifest.xml:28:9-71
	android:name
		ADDED from src/main/AndroidManifest.xml:27:9-84
uses-permission#android.permission.INTERNET
ADDED from src/main/AndroidManifest.xml:32:5-67
	android:name
		ADDED from src/main/AndroidManifest.xml:32:22-64
uses-permission#com.mozillaonline.permission.ACCESS_DOWNLOAD_MANAGER
ADDED from src/main/AndroidManifest.xml:33:5-92
	android:name
		ADDED from src/main/AndroidManifest.xml:33:22-89
uses-permission#com.mozillaonline.permission.ACCESS_DOWNLOAD_MANAGER_ADVANCED
ADDED from src/main/AndroidManifest.xml:34:5-101
	android:name
		ADDED from src/main/AndroidManifest.xml:34:22-98
uses-permission#com.mozillaonline.permission.SEND_DOWNLOAD_COMPLETED_INTENTS
ADDED from src/main/AndroidManifest.xml:35:5-100
	android:name
		ADDED from src/main/AndroidManifest.xml:35:22-97
uses-permission#android.permission.ACCESS_NETWORK_STATE
ADDED from src/main/AndroidManifest.xml:36:5-79
	android:name
		ADDED from src/main/AndroidManifest.xml:36:22-76
uses-permission#android.permission.WAKE_LOCK
ADDED from src/main/AndroidManifest.xml:37:5-68
	android:name
		ADDED from src/main/AndroidManifest.xml:37:22-65
uses-permission#android.permission.WRITE_EXTERNAL_STORAGE
ADDED from src/main/AndroidManifest.xml:38:5-81
	android:name
		ADDED from src/main/AndroidManifest.xml:38:22-78
application
ADDED from src/main/AndroidManifest.xml:40:5-68:19
	android:label
		ADDED from src/main/AndroidManifest.xml:42:9-41
	android:icon
		ADDED from src/main/AndroidManifest.xml:41:9-45
activity#com.mozillaonline.downloadprovider.DownloadProviderActivity
ADDED from src/main/AndroidManifest.xml:43:9-51:20
	android:label
		ADDED from src/main/AndroidManifest.xml:45:13-45
	android:name
		ADDED from src/main/AndroidManifest.xml:44:13-53
intent-filter#android.intent.action.MAIN+android.intent.category.LAUNCHER
ADDED from src/main/AndroidManifest.xml:46:13-50:29
action#android.intent.action.MAIN
ADDED from src/main/AndroidManifest.xml:47:17-69
	android:name
		ADDED from src/main/AndroidManifest.xml:47:25-66
category#android.intent.category.LAUNCHER
ADDED from src/main/AndroidManifest.xml:49:17-77
	android:name
		ADDED from src/main/AndroidManifest.xml:49:27-74
activity#com.mozillaonline.providers.downloads.ui.DownloadList
ADDED from src/main/AndroidManifest.xml:52:9-99
	android:name
		ADDED from src/main/AndroidManifest.xml:52:19-87
provider#com.mozillaonline.providers.downloads.DownloadProvider
ADDED from src/main/AndroidManifest.xml:54:9-56:65
	android:authorities
		ADDED from src/main/AndroidManifest.xml:56:13-62
	android:name
		ADDED from src/main/AndroidManifest.xml:55:13-82
service#com.mozillaonline.providers.downloads.DownloadService
ADDED from src/main/AndroidManifest.xml:58:9-89
	android:name
		ADDED from src/main/AndroidManifest.xml:58:18-86
receiver#com.mozillaonline.providers.downloads.DownloadReceiver
ADDED from src/main/AndroidManifest.xml:60:9-67:20
	android:exported
		ADDED from src/main/AndroidManifest.xml:62:13-37
	android:name
		ADDED from src/main/AndroidManifest.xml:61:13-82
intent-filter#android.intent.action.BOOT_COMPLETED+android.net.conn.CONNECTIVITY_CHANGE
ADDED from src/main/AndroidManifest.xml:63:13-66:29
action#android.intent.action.BOOT_COMPLETED
ADDED from src/main/AndroidManifest.xml:64:17-79
	android:name
		ADDED from src/main/AndroidManifest.xml:64:25-76
action#android.net.conn.CONNECTIVITY_CHANGE
ADDED from src/main/AndroidManifest.xml:65:17-79
	android:name
		ADDED from src/main/AndroidManifest.xml:65:25-76